<?xml version="1.0" encoding="UTF-8"?>
<testsuites>
  <testsuite name="fastlane.lanes">
    
      
      <testcase classname="fastlane.lanes" name="0: Verifying required fastlane version" time="0.000363">
        
      </testcase>
    
      
      <testcase classname="fastlane.lanes" name="1: default_platform" time="0.0003">
        
      </testcase>
    
      
      <testcase classname="fastlane.lanes" name="2: Switch to ios build_static_library lane" time="0.000238">
        
      </testcase>
    
      
      <testcase classname="fastlane.lanes" name="3: xctool -workspace ../PopdeemSDK.xcworkspace                 -scheme PopdeemSDK                 -configuration Release                 -sdk 'iphoneos9.3'                 TARGET_BUILD_DIR='../build'                 BUILT_PRODUCTS_DIR='../build'                 build" time="2.771518">
        
          <failure message="/Users/niall/.rvm/gems/ruby-2.1.0@global/gems/fastlane-1.63.0/lib/fastlane/actions/actions_helper.rb:33:in `execute_action'&#10;/Users/niall/.rvm/gems/ruby-2.1.0@global/gems/fastlane-1.63.0/lib/fastlane/fast_file.rb:181:in `sh'&#10;Fastfile:22:in `block (2 levels) in parsing_binding'&#10;/Users/niall/.rvm/gems/ruby-2.1.0@global/gems/fastlane-1.63.0/lib/fastlane/lane.rb:36:in `call'&#10;/Users/niall/.rvm/gems/ruby-2.1.0@global/gems/fastlane-1.63.0/lib/fastlane/lane.rb:36:in `call'&#10;/Users/niall/.rvm/gems/ruby-2.1.0@global/gems/fastlane-1.63.0/lib/fastlane/runner.rb:110:in `try_switch_to_lane'&#10;/Users/niall/.rvm/gems/ruby-2.1.0@global/gems/fastlane-1.63.0/lib/fastlane/fast_file.rb:141:in `rescue in method_missing'&#10;/Users/niall/.rvm/gems/ruby-2.1.0@global/gems/fastlane-1.63.0/lib/fastlane/fast_file.rb:136:in `method_missing'&#10;Fastfile:32:in `block (2 levels) in parsing_binding'&#10;/Users/niall/.rvm/gems/ruby-2.1.0@global/gems/fastlane-1.63.0/lib/fastlane/lane.rb:36:in `call'&#10;/Users/niall/.rvm/gems/ruby-2.1.0@global/gems/fastlane-1.63.0/lib/fastlane/lane.rb:36:in `call'&#10;/Users/niall/.rvm/gems/ruby-2.1.0@global/gems/fastlane-1.63.0/lib/fastlane/runner.rb:52:in `block in execute'&#10;/Users/niall/.rvm/gems/ruby-2.1.0@global/gems/fastlane-1.63.0/lib/fastlane/runner.rb:46:in `chdir'&#10;/Users/niall/.rvm/gems/ruby-2.1.0@global/gems/fastlane-1.63.0/lib/fastlane/runner.rb:46:in `execute'&#10;/Users/niall/.rvm/gems/ruby-2.1.0@global/gems/fastlane-1.63.0/lib/fastlane/lane_manager.rb:46:in `cruise_lane'&#10;/Users/niall/.rvm/gems/ruby-2.1.0@global/gems/fastlane-1.63.0/lib/fastlane/command_line_handler.rb:30:in `handle'&#10;/Users/niall/.rvm/gems/ruby-2.1.0@global/gems/fastlane-1.63.0/bin/fastlane:38:in `block (2 levels) in run'&#10;/Users/niall/.rvm/gems/ruby-2.1.0/gems/commander-4.3.5/lib/commander/command.rb:178:in `call'&#10;/Users/niall/.rvm/gems/ruby-2.1.0/gems/commander-4.3.5/lib/commander/command.rb:178:in `call'&#10;/Users/niall/.rvm/gems/ruby-2.1.0/gems/commander-4.3.5/lib/commander/command.rb:153:in `run'&#10;/Users/niall/.rvm/gems/ruby-2.1.0/gems/commander-4.3.5/lib/commander/runner.rb:428:in `run_active_command'&#10;/Users/niall/.rvm/gems/ruby-2.1.0@global/gems/fastlane_core-0.36.7/lib/fastlane_core/ui/fastlane_runner.rb:23:in `run!'&#10;/Users/niall/.rvm/gems/ruby-2.1.0/gems/commander-4.3.5/lib/commander/delegates.rb:15:in `run!'&#10;/Users/niall/.rvm/gems/ruby-2.1.0@global/gems/fastlane-1.63.0/bin/fastlane:150:in `run'&#10;/Users/niall/.rvm/gems/ruby-2.1.0@global/gems/fastlane-1.63.0/bin/fastlane:156:in `&lt;top (required)&gt;'&#10;/Users/niall/.rvm/rubies/ruby-2.1.0/bin/fastlane:23:in `load'&#10;/Users/niall/.rvm/rubies/ruby-2.1.0/bin/fastlane:23:in `&lt;main&gt;'&#10;/Users/niall/.rvm/gems/ruby-2.1.0/bin/ruby_executable_hooks:15:in `eval'&#10;/Users/niall/.rvm/gems/ruby-2.1.0/bin/ruby_executable_hooks:15:in `&lt;main&gt;'&#10;&#10;Exit status of command 'xctool -workspace ../PopdeemSDK.xcworkspace                 -scheme PopdeemSDK                 -configuration Release                 -sdk 'iphoneos9.3'                 TARGET_BUILD_DIR='../build'                 BUILT_PRODUCTS_DIR='../build'                 build' was 1 instead of 0.&#10;[Info] Loading settings for scheme 'PopdeemSDK' ... (859 ms)&#10;&#10;[1m=== BUILD ===[0m&#10;&#10;  xcodebuild [1mbuild[0m [4mPopdeemSDK[0m&#10;    [1mPods[0m / [1mSTTwitter[0m (Release)&#10;      [32m✓[0m Check dependencies [32m(125 ms)[0m&#10;      [1m0 errored, 0 warning (139 ms)[0m&#10;&#10;    [1mPods[0m / [1mBolts[0m (Release)&#10;      [1m0 errored, 0 warning (131 ms)[0m&#10;&#10;    [32m✓[0m Check dependencies [32m(112 ms)[0m&#10;    [1mPods[0m / [1mJSONModel[0m (Release)&#10;      [1m0 errored, 0 warning (104 ms)[0m&#10;&#10;    [32m✓[0m Check dependencies [32m(93 ms)[0m&#10;    [1mPods[0m / [1mFBSDKCoreKit[0m (Release)&#10;      [32m✓[0m Check dependencies [32m(127 ms)[0m&#10;      [1m0 errored, 0 warning (171 ms)[0m&#10;&#10;    [1mPods[0m / [1mFBSDKLoginKit[0m (Release)&#10;      [32m✓[0m Check dependencies [2m[32m(1 ms)[0m&#10;      [1m0 errored, 0 warning (16 ms)[0m&#10;&#10;    [1mPods[0m / [1mFBSDKShareKit[0m (Release)&#10;      [32m✓[0m Check dependencies [2m[32m(1 ms)[0m&#10;      [1m0 errored, 0 warning (30 ms)[0m&#10;&#10;    [1mPods[0m / [1mPods-PopdeemSDK[0m (Release)&#10;      [32m✓[0m Check dependencies [2m[32m(0 ms)[0m&#10;      [1m0 errored, 0 warning (2 ms)[0m&#10;&#10;    [1mPopdeemSDK[0m / [1mPopdeemSDK[0m (Release)&#10;      [32m✓[0m Check dependencies [2m[32m(0 ms)[0m&#10;      [32m✓[0m Run custom shell script 'Check Pods Manifest.lock' [2m[32m(15 ms)[0m&#10;      [31m✗[0m Create static library libPopdeemSDK.a [2m[32m(12 ms)[0m&#10;[2m━━━━━━━━━━━━━━━━━━━━━━━━━━━━━━━━━━━━━━━━━━━━━━━━━━━━━━━━━━━━━━━━━━━━━━━━━━━━━━━━[0m&#10;[2mLibtool /Users/niall/Library/Developer/Xcode/DerivedData/PopdeemSDK-hdrzdvlwhzewufhfsiirsdfbrfvk/Build/Intermediates/PopdeemSDK.build/Release-iphoneos/PopdeemSDK.build/Objects-normal/arm64/libPopdeemSDK.a normal arm64&#10;    cd /Users/niall/Popdeem/iOS/Popdeem-SDK-iOS&#10;    export IPHONEOS_DEPLOYMENT_TARGET=7.1&#10;    export PATH=&quot;/Applications/Xcode-beta.app/Contents/Developer/Platforms/iPhoneOS.platform/Developer/usr/bin:/Applications/Xcode-beta.app/Contents/Developer/usr/bin:/Users/niall/.rvm/gems/ruby-2.1.0/bin:/Users/niall/.rvm/gems/ruby-2.1.0@global/bin:/Users/niall/.rvm/rubies/ruby-2.1.0/bin:/Users/niall/.rbenv/bin:/Users/niall/.rbenv/shims:/Users/niall/.rbenv/bin:/Users/niall/.rvm/gems/ruby-2.1.0/bin:/Users/niall/.rvm/gems/ruby-2.1.0@global/bin:/Users/niall/.rvm/rubies/ruby-2.1.0/bin:/usr/local/bin:/usr/bin:/bin:/usr/sbin:/sbin:/opt/X11/bin:/Users/niall/.rvm/bin:/usr/local/go/bin:/Users/niall/Go:/Users/niall/Go/bin&quot;&#10;    /Applications/Xcode-beta.app/Contents/Developer/Toolchains/XcodeDefault.xctoolchain/usr/bin/libtool -static -arch_only arm64 -syslibroot /Applications/Xcode-beta.app/Contents/Developer/Platforms/iPhoneOS.platform/Developer/SDKs/iPhoneOS9.3.sdk -L../build -L/Users/niall/Popdeem/iOS/Popdeem-SDK-iOS/build/Debug-iphoneos -filelist /Users/niall/Library/Developer/Xcode/DerivedData/PopdeemSDK-hdrzdvlwhzewufhfsiirsdfbrfvk/Build/Intermediates/PopdeemSDK.build/Release-iphoneos/PopdeemSDK.build/Objects-normal/arm64/PopdeemSDK.LinkFileList -lPods-PopdeemSDK -o /Users/niall/Library/Developer/Xcode/DerivedData/PopdeemSDK-hdrzdvlwhzewufhfsiirsdfbrfvk/Build/Intermediates/PopdeemSDK.build/Release-iphoneos/PopdeemSDK.build/Objects-normal/arm64/libPopdeemSDK.a&#10;[0m&#10;[2merror: /Applications/Xcode-beta.app/Contents/Developer/Toolchains/XcodeDefault.xctoolchain/usr/bin/libtool: can't locate file for: -lPods-PopdeemSDK&#10;error: /Applications/Xcode-beta.app/Contents/Developer/Toolchains/XcodeDefault.xctoolchain/usr/bin/libtool: file: -lPods-PopdeemSDK is not an object file (not allowed in a library)[0m&#10;[2m━━━━━━━━━━━━━━━━━━━━━━━━━━━━━━━━━━━━━━━━━━━━━━━━━━━━━━━━━━━━━━━━━━━━━━━━━━━━━━━━[0m&#10;      [31m✗[0m Create static library libPopdeemSDK.a [2m[32m(12 ms)[0m&#10;[2m━━━━━━━━━━━━━━━━━━━━━━━━━━━━━━━━━━━━━━━━━━━━━━━━━━━━━━━━━━━━━━━━━━━━━━━━━━━━━━━━[0m&#10;[2mLibtool /Users/niall/Library/Developer/Xcode/DerivedData/PopdeemSDK-hdrzdvlwhzewufhfsiirsdfbrfvk/Build/Intermediates/PopdeemSDK.build/Release-iphoneos/PopdeemSDK.build/Objects-normal/armv7/libPopdeemSDK.a normal armv7&#10;    cd /Users/niall/Popdeem/iOS/Popdeem-SDK-iOS&#10;    export IPHONEOS_DEPLOYMENT_TARGET=7.1&#10;    export PATH=&quot;/Applications/Xcode-beta.app/Contents/Developer/Platforms/iPhoneOS.platform/Developer/usr/bin:/Applications/Xcode-beta.app/Contents/Developer/usr/bin:/Users/niall/.rvm/gems/ruby-2.1.0/bin:/Users/niall/.rvm/gems/ruby-2.1.0@global/bin:/Users/niall/.rvm/rubies/ruby-2.1.0/bin:/Users/niall/.rbenv/bin:/Users/niall/.rbenv/shims:/Users/niall/.rbenv/bin:/Users/niall/.rvm/gems/ruby-2.1.0/bin:/Users/niall/.rvm/gems/ruby-2.1.0@global/bin:/Users/niall/.rvm/rubies/ruby-2.1.0/bin:/usr/local/bin:/usr/bin:/bin:/usr/sbin:/sbin:/opt/X11/bin:/Users/niall/.rvm/bin:/usr/local/go/bin:/Users/niall/Go:/Users/niall/Go/bin&quot;&#10;    /Applications/Xcode-beta.app/Contents/Developer/Toolchains/XcodeDefault.xctoolchain/usr/bin/libtool -static -arch_only armv7 -syslibroot /Applications/Xcode-beta.app/Contents/Developer/Platforms/iPhoneOS.platform/Developer/SDKs/iPhoneOS9.3.sdk -L../build -L/Users/niall/Popdeem/iOS/Popdeem-SDK-iOS/build/Debug-iphoneos -filelist /Users/niall/Library/Developer/Xcode/DerivedData/PopdeemSDK-hdrzdvlwhzewufhfsiirsdfbrfvk/Build/Intermediates/PopdeemSDK.build/Release-iphoneos/PopdeemSDK.build/Objects-normal/armv7/PopdeemSDK.LinkFileList -lPods-PopdeemSDK -o /Users/niall/Library/Developer/Xcode/DerivedData/PopdeemSDK-hdrzdvlwhzewufhfsiirsdfbrfvk/Build/Intermediates/PopdeemSDK.build/Release-iphoneos/PopdeemSDK.build/Objects-normal/armv7/libPopdeemSDK.a&#10;[0m&#10;[2merror: /Applications/Xcode-beta.app/Contents/Developer/Toolchains/XcodeDefault.xctoolchain/usr/bin/libtool: can't locate file for: -lPods-PopdeemSDK&#10;error: /Applications/Xcode-beta.app/Contents/Developer/Toolchains/XcodeDefault.xctoolchain/usr/bin/libtool: file: -lPods-PopdeemSDK is not an object file (not allowed in a library)[0m&#10;[2m━━━━━━━━━━━━━━━━━━━━━━━━━━━━━━━━━━━━━━━━━━━━━━━━━━━━━━━━━━━━━━━━━━━━━━━━━━━━━━━━[0m&#10;      [1m4 errored, 0 warning (57 ms)[0m&#10;&#10;&#10;&#10;[1mFailures:[0m&#10;&#10;  0) Create static library /Users/niall/Library/Developer/Xcode/DerivedData/PopdeemSDK-hdrzdvlwhzewufhfsiirsdfbrfvk/Build/Intermediates/PopdeemSDK.build/Release-iphoneos/PopdeemSDK.build/Objects-normal/arm64/libPopdeemSDK.a&#10;[2m━━━━━━━━━━━━━━━━━━━━━━━━━━━━━━━━━━━━━━━━━━━━━━━━━━━━━━━━━━━━━━━━━━━━━━━━━━━━━━━━[0m&#10;[2mLibtool /Users/niall/Library/Developer/Xcode/DerivedData/PopdeemSDK-hdrzdvlwhzewufhfsiirsdfbrfvk/Build/Intermediates/PopdeemSDK.build/Release-iphoneos/PopdeemSDK.build/Objects-normal/arm64/libPopdeemSDK.a normal arm64&#10;    cd /Users/niall/Popdeem/iOS/Popdeem-SDK-iOS&#10;    export IPHONEOS_DEPLOYMENT_TARGET=7.1&#10;    export PATH=&quot;/Applications/Xcode-beta.app/Contents/Developer/Platforms/iPhoneOS.platform/Developer/usr/bin:/Applications/Xcode-beta.app/Contents/Developer/usr/bin:/Users/niall/.rvm/gems/ruby-2.1.0/bin:/Users/niall/.rvm/gems/ruby-2.1.0@global/bin:/Users/niall/.rvm/rubies/ruby-2.1.0/bin:/Users/niall/.rbenv/bin:/Users/niall/.rbenv/shims:/Users/niall/.rbenv/bin:/Users/niall/.rvm/gems/ruby-2.1.0/bin:/Users/niall/.rvm/gems/ruby-2.1.0@global/bin:/Users/niall/.rvm/rubies/ruby-2.1.0/bin:/usr/local/bin:/usr/bin:/bin:/usr/sbin:/sbin:/opt/X11/bin:/Users/niall/.rvm/bin:/usr/local/go/bin:/Users/niall/Go:/Users/niall/Go/bin&quot;&#10;    /Applications/Xcode-beta.app/Contents/Developer/Toolchains/XcodeDefault.xctoolchain/usr/bin/libtool -static -arch_only arm64 -syslibroot /Applications/Xcode-beta.app/Contents/Developer/Platforms/iPhoneOS.platform/Developer/SDKs/iPhoneOS9.3.sdk -L../build -L/Users/niall/Popdeem/iOS/Popdeem-SDK-iOS/build/Debug-iphoneos -filelist /Users/niall/Library/Developer/Xcode/DerivedData/PopdeemSDK-hdrzdvlwhzewufhfsiirsdfbrfvk/Build/Intermediates/PopdeemSDK.build/Release-iphoneos/PopdeemSDK.build/Objects-normal/arm64/PopdeemSDK.LinkFileList -lPods-PopdeemSDK -o /Users/niall/Library/Developer/Xcode/DerivedData/PopdeemSDK-hdrzdvlwhzewufhfsiirsdfbrfvk/Build/Intermediates/PopdeemSDK.build/Release-iphoneos/PopdeemSDK.build/Objects-normal/arm64/libPopdeemSDK.a&#10;&#10;error: /Applications/Xcode-beta.app/Contents/Developer/Toolchains/XcodeDefault.xctoolchain/usr/bin/libtool: can't locate file for: -lPods-PopdeemSDK&#10;error: /Applications/Xcode-beta.app/Contents/Developer/Toolchains/XcodeDefault.xctoolchain/usr/bin/libtool: file: -lPods-PopdeemSDK is not an object file (not allowed in a library)[0m[2m━━━━━━━━━━━━━━━━━━━━━━━━━━━━━━━━━━━━━━━━━━━━━━━━━━━━━━━━━━━━━━━━━━━━━━━━━━━━━━━━[0m&#10;&#10;  1) Create static library /Users/niall/Library/Developer/Xcode/DerivedData/PopdeemSDK-hdrzdvlwhzewufhfsiirsdfbrfvk/Build/Intermediates/PopdeemSDK.build/Release-iphoneos/PopdeemSDK.build/Objects-normal/armv7/libPopdeemSDK.a&#10;[2m━━━━━━━━━━━━━━━━━━━━━━━━━━━━━━━━━━━━━━━━━━━━━━━━━━━━━━━━━━━━━━━━━━━━━━━━━━━━━━━━[0m&#10;[2mLibtool /Users/niall/Library/Developer/Xcode/DerivedData/PopdeemSDK-hdrzdvlwhzewufhfsiirsdfbrfvk/Build/Intermediates/PopdeemSDK.build/Release-iphoneos/PopdeemSDK.build/Objects-normal/armv7/libPopdeemSDK.a normal armv7&#10;    cd /Users/niall/Popdeem/iOS/Popdeem-SDK-iOS&#10;    export IPHONEOS_DEPLOYMENT_TARGET=7.1&#10;    export PATH=&quot;/Applications/Xcode-beta.app/Contents/Developer/Platforms/iPhoneOS.platform/Developer/usr/bin:/Applications/Xcode-beta.app/Contents/Developer/usr/bin:/Users/niall/.rvm/gems/ruby-2.1.0/bin:/Users/niall/.rvm/gems/ruby-2.1.0@global/bin:/Users/niall/.rvm/rubies/ruby-2.1.0/bin:/Users/niall/.rbenv/bin:/Users/niall/.rbenv/shims:/Users/niall/.rbenv/bin:/Users/niall/.rvm/gems/ruby-2.1.0/bin:/Users/niall/.rvm/gems/ruby-2.1.0@global/bin:/Users/niall/.rvm/rubies/ruby-2.1.0/bin:/usr/local/bin:/usr/bin:/bin:/usr/sbin:/sbin:/opt/X11/bin:/Users/niall/.rvm/bin:/usr/local/go/bin:/Users/niall/Go:/Users/niall/Go/bin&quot;&#10;    /Applications/Xcode-beta.app/Contents/Developer/Toolchains/XcodeDefault.xctoolchain/usr/bin/libtool -static -arch_only armv7 -syslibroot /Applications/Xcode-beta.app/Contents/Developer/Platforms/iPhoneOS.platform/Developer/SDKs/iPhoneOS9.3.sdk -L../build -L/Users/niall/Popdeem/iOS/Popdeem-SDK-iOS/build/Debug-iphoneos -filelist /Users/niall/Library/Developer/Xcode/DerivedData/PopdeemSDK-hdrzdvlwhzewufhfsiirsdfbrfvk/Build/Intermediates/PopdeemSDK.build/Release-iphoneos/PopdeemSDK.build/Objects-normal/armv7/PopdeemSDK.LinkFileList -lPods-PopdeemSDK -o /Users/niall/Library/Developer/Xcode/DerivedData/PopdeemSDK-hdrzdvlwhzewufhfsiirsdfbrfvk/Build/Intermediates/PopdeemSDK.build/Release-iphoneos/PopdeemSDK.build/Objects-normal/armv7/libPopdeemSDK.a&#10;&#10;error: /Applications/Xcode-beta.app/Contents/Developer/Toolchains/XcodeDefault.xctoolchain/usr/bin/libtool: can't locate file for: -lPods-PopdeemSDK&#10;error: /Applications/Xcode-beta.app/Contents/Developer/Toolchains/XcodeDefault.xctoolchain/usr/bin/libtool: file: -lPods-PopdeemSDK is not an object file (not allowed in a library)[0m[2m━━━━━━━━━━━━━━━━━━━━━━━━━━━━━━━━━━━━━━━━━━━━━━━━━━━━━━━━━━━━━━━━━━━━━━━━━━━━━━━━[0m&#10;&#10;[1m[31m** BUILD FAILED **[0m [2m(1204 ms)[0m&#10;&#10;" />
        
      </testcase>
    
  </testsuite>
</testsuites>
